<?xml version="1.0" encoding="UTF-8"?>
<testsuite xmlns:xsi="http://www.w3.org/2001/XMLSchema-instance" xsi:noNamespaceSchemaLocation="https://maven.apache.org/surefire/maven-surefire-plugin/xsd/surefire-test-report-3.0.xsd" version="3.0" name="com.example.apiservice.ApiServiceApplicationTests" time="4.232" tests="1" errors="0" skipped="0" failures="0">
  <properties>
    <property name="java.specification.version" value="17"/>
    <property name="sun.cpu.isalist" value="amd64"/>
    <property name="sun.jnu.encoding" value="Cp1252"/>
    <property name="java.class.path" value="D:\otel-microservices-demo\api-service\target\test-classes;D:\otel-microservices-demo\api-service\target\classes;C:\Users\nhoho\.m2\repository\org\springframework\boot\spring-boot-starter\3.3.0-SNAPSHOT\spring-boot-starter-3.3.0-SNAPSHOT.jar;C:\Users\nhoho\.m2\repository\org\springframework\boot\spring-boot\3.3.0-SNAPSHOT\spring-boot-3.3.0-SNAPSHOT.jar;C:\Users\nhoho\.m2\repository\org\springframework\spring-context\6.1.5\spring-context-6.1.5.jar;C:\Users\nhoho\.m2\repository\org\springframework\boot\spring-boot-autoconfigure\3.3.0-SNAPSHOT\spring-boot-autoconfigure-3.3.0-SNAPSHOT.jar;C:\Users\nhoho\.m2\repository\org\springframework\boot\spring-boot-starter-logging\3.3.0-SNAPSHOT\spring-boot-starter-logging-3.3.0-SNAPSHOT.jar;C:\Users\nhoho\.m2\repository\ch\qos\logback\logback-classic\1.4.14\logback-classic-1.4.14.jar;C:\Users\nhoho\.m2\repository\ch\qos\logback\logback-core\1.4.14\logback-core-1.4.14.jar;C:\Users\nhoho\.m2\repository\org\apache\logging\log4j\log4j-to-slf4j\2.23.1\log4j-to-slf4j-2.23.1.jar;C:\Users\nhoho\.m2\repository\org\apache\logging\log4j\log4j-api\2.23.1\log4j-api-2.23.1.jar;C:\Users\nhoho\.m2\repository\org\slf4j\jul-to-slf4j\2.0.12\jul-to-slf4j-2.0.12.jar;C:\Users\nhoho\.m2\repository\jakarta\annotation\jakarta.annotation-api\2.1.1\jakarta.annotation-api-2.1.1.jar;C:\Users\nhoho\.m2\repository\org\springframework\spring-core\6.1.5\spring-core-6.1.5.jar;C:\Users\nhoho\.m2\repository\org\springframework\spring-jcl\6.1.5\spring-jcl-6.1.5.jar;C:\Users\nhoho\.m2\repository\org\yaml\snakeyaml\2.2\snakeyaml-2.2.jar;C:\Users\nhoho\.m2\repository\org\springframework\boot\spring-boot-starter-web\3.3.0-SNAPSHOT\spring-boot-starter-web-3.3.0-SNAPSHOT.jar;C:\Users\nhoho\.m2\repository\org\springframework\boot\spring-boot-starter-json\3.3.0-SNAPSHOT\spring-boot-starter-json-3.3.0-SNAPSHOT.jar;C:\Users\nhoho\.m2\repository\com\fasterxml\jackson\core\jackson-databind\2.17.0\jackson-databind-2.17.0.jar;C:\Users\nhoho\.m2\repository\com\fasterxml\jackson\core\jackson-annotations\2.17.0\jackson-annotations-2.17.0.jar;C:\Users\nhoho\.m2\repository\com\fasterxml\jackson\core\jackson-core\2.17.0\jackson-core-2.17.0.jar;C:\Users\nhoho\.m2\repository\com\fasterxml\jackson\datatype\jackson-datatype-jdk8\2.17.0\jackson-datatype-jdk8-2.17.0.jar;C:\Users\nhoho\.m2\repository\com\fasterxml\jackson\datatype\jackson-datatype-jsr310\2.17.0\jackson-datatype-jsr310-2.17.0.jar;C:\Users\nhoho\.m2\repository\com\fasterxml\jackson\module\jackson-module-parameter-names\2.17.0\jackson-module-parameter-names-2.17.0.jar;C:\Users\nhoho\.m2\repository\org\springframework\boot\spring-boot-starter-tomcat\3.3.0-SNAPSHOT\spring-boot-starter-tomcat-3.3.0-SNAPSHOT.jar;C:\Users\nhoho\.m2\repository\org\apache\tomcat\embed\tomcat-embed-core\10.1.19\tomcat-embed-core-10.1.19.jar;C:\Users\nhoho\.m2\repository\org\apache\tomcat\embed\tomcat-embed-el\10.1.19\tomcat-embed-el-10.1.19.jar;C:\Users\nhoho\.m2\repository\org\apache\tomcat\embed\tomcat-embed-websocket\10.1.19\tomcat-embed-websocket-10.1.19.jar;C:\Users\nhoho\.m2\repository\org\springframework\spring-web\6.1.5\spring-web-6.1.5.jar;C:\Users\nhoho\.m2\repository\org\springframework\spring-beans\6.1.5\spring-beans-6.1.5.jar;C:\Users\nhoho\.m2\repository\io\micrometer\micrometer-observation\1.13.0-M2\micrometer-observation-1.13.0-M2.jar;C:\Users\nhoho\.m2\repository\io\micrometer\micrometer-commons\1.13.0-M2\micrometer-commons-1.13.0-M2.jar;C:\Users\nhoho\.m2\repository\org\springframework\spring-webmvc\6.1.5\spring-webmvc-6.1.5.jar;C:\Users\nhoho\.m2\repository\org\springframework\spring-aop\6.1.5\spring-aop-6.1.5.jar;C:\Users\nhoho\.m2\repository\org\springframework\spring-expression\6.1.5\spring-expression-6.1.5.jar;C:\Users\nhoho\.m2\repository\org\projectlombok\lombok\1.18.30\lombok-1.18.30.jar;C:\Users\nhoho\.m2\repository\org\springframework\boot\spring-boot-starter-test\3.3.0-SNAPSHOT\spring-boot-starter-test-3.3.0-SNAPSHOT.jar;C:\Users\nhoho\.m2\repository\org\springframework\boot\spring-boot-test\3.3.0-SNAPSHOT\spring-boot-test-3.3.0-SNAPSHOT.jar;C:\Users\nhoho\.m2\repository\org\springframework\boot\spring-boot-test-autoconfigure\3.3.0-SNAPSHOT\spring-boot-test-autoconfigure-3.3.0-SNAPSHOT.jar;C:\Users\nhoho\.m2\repository\com\jayway\jsonpath\json-path\2.9.0\json-path-2.9.0.jar;C:\Users\nhoho\.m2\repository\org\slf4j\slf4j-api\2.0.12\slf4j-api-2.0.12.jar;C:\Users\nhoho\.m2\repository\jakarta\xml\bind\jakarta.xml.bind-api\4.0.2\jakarta.xml.bind-api-4.0.2.jar;C:\Users\nhoho\.m2\repository\jakarta\activation\jakarta.activation-api\2.1.3\jakarta.activation-api-2.1.3.jar;C:\Users\nhoho\.m2\repository\net\minidev\json-smart\2.5.0\json-smart-2.5.0.jar;C:\Users\nhoho\.m2\repository\net\minidev\accessors-smart\2.5.0\accessors-smart-2.5.0.jar;C:\Users\nhoho\.m2\repository\org\ow2\asm\asm\9.3\asm-9.3.jar;C:\Users\nhoho\.m2\repository\org\assertj\assertj-core\3.25.3\assertj-core-3.25.3.jar;C:\Users\nhoho\.m2\repository\net\bytebuddy\byte-buddy\1.14.12\byte-buddy-1.14.12.jar;C:\Users\nhoho\.m2\repository\org\awaitility\awaitility\4.2.0\awaitility-4.2.0.jar;C:\Users\nhoho\.m2\repository\org\hamcrest\hamcrest\2.2\hamcrest-2.2.jar;C:\Users\nhoho\.m2\repository\org\junit\jupiter\junit-jupiter\5.10.2\junit-jupiter-5.10.2.jar;C:\Users\nhoho\.m2\repository\org\junit\jupiter\junit-jupiter-api\5.10.2\junit-jupiter-api-5.10.2.jar;C:\Users\nhoho\.m2\repository\org\opentest4j\opentest4j\1.3.0\opentest4j-1.3.0.jar;C:\Users\nhoho\.m2\repository\org\junit\platform\junit-platform-commons\1.10.2\junit-platform-commons-1.10.2.jar;C:\Users\nhoho\.m2\repository\org\apiguardian\apiguardian-api\1.1.2\apiguardian-api-1.1.2.jar;C:\Users\nhoho\.m2\repository\org\junit\jupiter\junit-jupiter-params\5.10.2\junit-jupiter-params-5.10.2.jar;C:\Users\nhoho\.m2\repository\org\junit\jupiter\junit-jupiter-engine\5.10.2\junit-jupiter-engine-5.10.2.jar;C:\Users\nhoho\.m2\repository\org\junit\platform\junit-platform-engine\1.10.2\junit-platform-engine-1.10.2.jar;C:\Users\nhoho\.m2\repository\org\mockito\mockito-core\5.11.0\mockito-core-5.11.0.jar;C:\Users\nhoho\.m2\repository\net\bytebuddy\byte-buddy-agent\1.14.12\byte-buddy-agent-1.14.12.jar;C:\Users\nhoho\.m2\repository\org\objenesis\objenesis\3.3\objenesis-3.3.jar;C:\Users\nhoho\.m2\repository\org\mockito\mockito-junit-jupiter\5.11.0\mockito-junit-jupiter-5.11.0.jar;C:\Users\nhoho\.m2\repository\org\skyscreamer\jsonassert\1.5.1\jsonassert-1.5.1.jar;C:\Users\nhoho\.m2\repository\com\vaadin\external\google\android-json\0.0.20131108.vaadin1\android-json-0.0.20131108.vaadin1.jar;C:\Users\nhoho\.m2\repository\org\springframework\spring-test\6.1.5\spring-test-6.1.5.jar;C:\Users\nhoho\.m2\repository\org\xmlunit\xmlunit-core\2.9.1\xmlunit-core-2.9.1.jar;C:\Users\nhoho\.m2\repository\org\springframework\cloud\spring-cloud-starter-sleuth\3.1.5\spring-cloud-starter-sleuth-3.1.5.jar;C:\Users\nhoho\.m2\repository\org\springframework\cloud\spring-cloud-starter\3.1.5\spring-cloud-starter-3.1.5.jar;C:\Users\nhoho\.m2\repository\org\springframework\cloud\spring-cloud-context\3.1.5\spring-cloud-context-3.1.5.jar;C:\Users\nhoho\.m2\repository\org\springframework\security\spring-security-crypto\6.3.0-M3\spring-security-crypto-6.3.0-M3.jar;C:\Users\nhoho\.m2\repository\org\springframework\cloud\spring-cloud-commons\3.1.5\spring-cloud-commons-3.1.5.jar;C:\Users\nhoho\.m2\repository\org\springframework\security\spring-security-rsa\1.0.11.RELEASE\spring-security-rsa-1.0.11.RELEASE.jar;C:\Users\nhoho\.m2\repository\org\bouncycastle\bcpkix-jdk15on\1.69\bcpkix-jdk15on-1.69.jar;C:\Users\nhoho\.m2\repository\org\bouncycastle\bcprov-jdk15on\1.69\bcprov-jdk15on-1.69.jar;C:\Users\nhoho\.m2\repository\org\bouncycastle\bcutil-jdk15on\1.69\bcutil-jdk15on-1.69.jar;C:\Users\nhoho\.m2\repository\org\springframework\boot\spring-boot-starter-aop\3.3.0-SNAPSHOT\spring-boot-starter-aop-3.3.0-SNAPSHOT.jar;C:\Users\nhoho\.m2\repository\org\aspectj\aspectjweaver\1.9.21\aspectjweaver-1.9.21.jar;C:\Users\nhoho\.m2\repository\org\springframework\cloud\spring-cloud-sleuth-autoconfigure\3.1.5\spring-cloud-sleuth-autoconfigure-3.1.5.jar;C:\Users\nhoho\.m2\repository\org\aspectj\aspectjrt\1.9.21\aspectjrt-1.9.21.jar;C:\Users\nhoho\.m2\repository\org\springframework\cloud\spring-cloud-sleuth-otel-autoconfigure\1.1.2\spring-cloud-sleuth-otel-autoconfigure-1.1.2.jar;C:\Users\nhoho\.m2\repository\org\springframework\cloud\spring-cloud-sleuth-instrumentation\3.1.5\spring-cloud-sleuth-instrumentation-3.1.5.jar;C:\Users\nhoho\.m2\repository\org\springframework\cloud\spring-cloud-sleuth-api\3.1.5\spring-cloud-sleuth-api-3.1.5.jar;C:\Users\nhoho\.m2\repository\org\springframework\cloud\spring-cloud-sleuth-otel\1.1.2\spring-cloud-sleuth-otel-1.1.2.jar;C:\Users\nhoho\.m2\repository\io\opentelemetry\opentelemetry-extension-aws\1.20.1\opentelemetry-extension-aws-1.20.1.jar;C:\Users\nhoho\.m2\repository\io\opentelemetry\instrumentation\opentelemetry-instrumentation-api-semconv\1.22.0-alpha\opentelemetry-instrumentation-api-semconv-1.22.0-alpha.jar;C:\Users\nhoho\.m2\repository\io\opentelemetry\opentelemetry-api\1.22.0\opentelemetry-api-1.22.0.jar;C:\Users\nhoho\.m2\repository\io\opentelemetry\opentelemetry-context\1.22.0\opentelemetry-context-1.22.0.jar;C:\Users\nhoho\.m2\repository\io\opentelemetry\opentelemetry-api-logs\1.22.0-alpha\opentelemetry-api-logs-1.22.0-alpha.jar;C:\Users\nhoho\.m2\repository\io\opentelemetry\opentelemetry-sdk-metrics\1.22.0\opentelemetry-sdk-metrics-1.22.0.jar;C:\Users\nhoho\.m2\repository\io\opentelemetry\opentelemetry-sdk-logs\1.36.0\opentelemetry-sdk-logs-1.36.0.jar;C:\Users\nhoho\.m2\repository\io\opentelemetry\opentelemetry-semconv\1.22.0-alpha\opentelemetry-semconv-1.22.0-alpha.jar;C:\Users\nhoho\.m2\repository\io\opentelemetry\opentelemetry-sdk-common\1.22.0\opentelemetry-sdk-common-1.22.0.jar;C:\Users\nhoho\.m2\repository\io\opentelemetry\opentelemetry-sdk-trace\1.22.0\opentelemetry-sdk-trace-1.22.0.jar;C:\Users\nhoho\.m2\repository\io\opentelemetry\opentelemetry-sdk\1.22.0\opentelemetry-sdk-1.22.0.jar;C:\Users\nhoho\.m2\repository\io\opentelemetry\opentelemetry-sdk-extension-autoconfigure-spi\1.22.0\opentelemetry-sdk-extension-autoconfigure-spi-1.22.0.jar;C:\Users\nhoho\.m2\repository\io\opentelemetry\instrumentation\opentelemetry-instrumentation-api\1.22.0\opentelemetry-instrumentation-api-1.22.0.jar;C:\Users\nhoho\.m2\repository\io\opentelemetry\opentelemetry-extension-trace-propagators\1.22.0\opentelemetry-extension-trace-propagators-1.22.0.jar;C:\Users\nhoho\.m2\repository\io\opentelemetry\opentelemetry-exporter-otlp\1.23.1\opentelemetry-exporter-otlp-1.23.1.jar;C:\Users\nhoho\.m2\repository\io\opentelemetry\opentelemetry-exporter-otlp-common\1.22.0\opentelemetry-exporter-otlp-common-1.22.0.jar;C:\Users\nhoho\.m2\repository\io\opentelemetry\opentelemetry-exporter-common\1.22.0\opentelemetry-exporter-common-1.22.0.jar;C:\Users\nhoho\.m2\repository\com\squareup\okhttp3\okhttp\4.12.0\okhttp-4.12.0.jar;C:\Users\nhoho\.m2\repository\com\squareup\okio\okio\3.6.0\okio-3.6.0.jar;C:\Users\nhoho\.m2\repository\com\squareup\okio\okio-jvm\3.6.0\okio-jvm-3.6.0.jar;C:\Users\nhoho\.m2\repository\org\jetbrains\kotlin\kotlin-stdlib-common\1.9.23\kotlin-stdlib-common-1.9.23.jar;C:\Users\nhoho\.m2\repository\org\jetbrains\kotlin\kotlin-stdlib-jdk8\1.9.23\kotlin-stdlib-jdk8-1.9.23.jar;C:\Users\nhoho\.m2\repository\org\jetbrains\kotlin\kotlin-stdlib\1.9.23\kotlin-stdlib-1.9.23.jar;C:\Users\nhoho\.m2\repository\org\jetbrains\annotations\13.0\annotations-13.0.jar;C:\Users\nhoho\.m2\repository\org\jetbrains\kotlin\kotlin-stdlib-jdk7\1.9.23\kotlin-stdlib-jdk7-1.9.23.jar;"/>
    <property name="java.vm.vendor" value="Oracle Corporation"/>
    <property name="sun.arch.data.model" value="64"/>
    <property name="user.variant" value=""/>
    <property name="java.vendor.url" value="https://java.oracle.com/"/>
    <property name="user.timezone" value="Asia/Saigon"/>
    <property name="os.name" value="Windows 10"/>
    <property name="java.vm.specification.version" value="17"/>
    <property name="sun.java.launcher" value="SUN_STANDARD"/>
    <property name="user.country" value="US"/>
    <property name="sun.boot.library.path" value="C:\Program Files\Java\jdk-17\bin"/>
    <property name="sun.java.command" value="C:\Users\nhoho\AppData\Local\Temp\surefire9539205769005794095\surefirebooter-20240402230508242_3.jar C:\Users\nhoho\AppData\Local\Temp\surefire9539205769005794095 2024-04-02T23-05-07_693-jvmRun1 surefire-20240402230508242_1tmp surefire_0-20240402230508242_2tmp"/>
    <property name="jdk.debug" value="release"/>
    <property name="surefire.test.class.path" value="D:\otel-microservices-demo\api-service\target\test-classes;D:\otel-microservices-demo\api-service\target\classes;C:\Users\nhoho\.m2\repository\org\springframework\boot\spring-boot-starter\3.3.0-SNAPSHOT\spring-boot-starter-3.3.0-SNAPSHOT.jar;C:\Users\nhoho\.m2\repository\org\springframework\boot\spring-boot\3.3.0-SNAPSHOT\spring-boot-3.3.0-SNAPSHOT.jar;C:\Users\nhoho\.m2\repository\org\springframework\spring-context\6.1.5\spring-context-6.1.5.jar;C:\Users\nhoho\.m2\repository\org\springframework\boot\spring-boot-autoconfigure\3.3.0-SNAPSHOT\spring-boot-autoconfigure-3.3.0-SNAPSHOT.jar;C:\Users\nhoho\.m2\repository\org\springframework\boot\spring-boot-starter-logging\3.3.0-SNAPSHOT\spring-boot-starter-logging-3.3.0-SNAPSHOT.jar;C:\Users\nhoho\.m2\repository\ch\qos\logback\logback-classic\1.4.14\logback-classic-1.4.14.jar;C:\Users\nhoho\.m2\repository\ch\qos\logback\logback-core\1.4.14\logback-core-1.4.14.jar;C:\Users\nhoho\.m2\repository\org\apache\logging\log4j\log4j-to-slf4j\2.23.1\log4j-to-slf4j-2.23.1.jar;C:\Users\nhoho\.m2\repository\org\apache\logging\log4j\log4j-api\2.23.1\log4j-api-2.23.1.jar;C:\Users\nhoho\.m2\repository\org\slf4j\jul-to-slf4j\2.0.12\jul-to-slf4j-2.0.12.jar;C:\Users\nhoho\.m2\repository\jakarta\annotation\jakarta.annotation-api\2.1.1\jakarta.annotation-api-2.1.1.jar;C:\Users\nhoho\.m2\repository\org\springframework\spring-core\6.1.5\spring-core-6.1.5.jar;C:\Users\nhoho\.m2\repository\org\springframework\spring-jcl\6.1.5\spring-jcl-6.1.5.jar;C:\Users\nhoho\.m2\repository\org\yaml\snakeyaml\2.2\snakeyaml-2.2.jar;C:\Users\nhoho\.m2\repository\org\springframework\boot\spring-boot-starter-web\3.3.0-SNAPSHOT\spring-boot-starter-web-3.3.0-SNAPSHOT.jar;C:\Users\nhoho\.m2\repository\org\springframework\boot\spring-boot-starter-json\3.3.0-SNAPSHOT\spring-boot-starter-json-3.3.0-SNAPSHOT.jar;C:\Users\nhoho\.m2\repository\com\fasterxml\jackson\core\jackson-databind\2.17.0\jackson-databind-2.17.0.jar;C:\Users\nhoho\.m2\repository\com\fasterxml\jackson\core\jackson-annotations\2.17.0\jackson-annotations-2.17.0.jar;C:\Users\nhoho\.m2\repository\com\fasterxml\jackson\core\jackson-core\2.17.0\jackson-core-2.17.0.jar;C:\Users\nhoho\.m2\repository\com\fasterxml\jackson\datatype\jackson-datatype-jdk8\2.17.0\jackson-datatype-jdk8-2.17.0.jar;C:\Users\nhoho\.m2\repository\com\fasterxml\jackson\datatype\jackson-datatype-jsr310\2.17.0\jackson-datatype-jsr310-2.17.0.jar;C:\Users\nhoho\.m2\repository\com\fasterxml\jackson\module\jackson-module-parameter-names\2.17.0\jackson-module-parameter-names-2.17.0.jar;C:\Users\nhoho\.m2\repository\org\springframework\boot\spring-boot-starter-tomcat\3.3.0-SNAPSHOT\spring-boot-starter-tomcat-3.3.0-SNAPSHOT.jar;C:\Users\nhoho\.m2\repository\org\apache\tomcat\embed\tomcat-embed-core\10.1.19\tomcat-embed-core-10.1.19.jar;C:\Users\nhoho\.m2\repository\org\apache\tomcat\embed\tomcat-embed-el\10.1.19\tomcat-embed-el-10.1.19.jar;C:\Users\nhoho\.m2\repository\org\apache\tomcat\embed\tomcat-embed-websocket\10.1.19\tomcat-embed-websocket-10.1.19.jar;C:\Users\nhoho\.m2\repository\org\springframework\spring-web\6.1.5\spring-web-6.1.5.jar;C:\Users\nhoho\.m2\repository\org\springframework\spring-beans\6.1.5\spring-beans-6.1.5.jar;C:\Users\nhoho\.m2\repository\io\micrometer\micrometer-observation\1.13.0-M2\micrometer-observation-1.13.0-M2.jar;C:\Users\nhoho\.m2\repository\io\micrometer\micrometer-commons\1.13.0-M2\micrometer-commons-1.13.0-M2.jar;C:\Users\nhoho\.m2\repository\org\springframework\spring-webmvc\6.1.5\spring-webmvc-6.1.5.jar;C:\Users\nhoho\.m2\repository\org\springframework\spring-aop\6.1.5\spring-aop-6.1.5.jar;C:\Users\nhoho\.m2\repository\org\springframework\spring-expression\6.1.5\spring-expression-6.1.5.jar;C:\Users\nhoho\.m2\repository\org\projectlombok\lombok\1.18.30\lombok-1.18.30.jar;C:\Users\nhoho\.m2\repository\org\springframework\boot\spring-boot-starter-test\3.3.0-SNAPSHOT\spring-boot-starter-test-3.3.0-SNAPSHOT.jar;C:\Users\nhoho\.m2\repository\org\springframework\boot\spring-boot-test\3.3.0-SNAPSHOT\spring-boot-test-3.3.0-SNAPSHOT.jar;C:\Users\nhoho\.m2\repository\org\springframework\boot\spring-boot-test-autoconfigure\3.3.0-SNAPSHOT\spring-boot-test-autoconfigure-3.3.0-SNAPSHOT.jar;C:\Users\nhoho\.m2\repository\com\jayway\jsonpath\json-path\2.9.0\json-path-2.9.0.jar;C:\Users\nhoho\.m2\repository\org\slf4j\slf4j-api\2.0.12\slf4j-api-2.0.12.jar;C:\Users\nhoho\.m2\repository\jakarta\xml\bind\jakarta.xml.bind-api\4.0.2\jakarta.xml.bind-api-4.0.2.jar;C:\Users\nhoho\.m2\repository\jakarta\activation\jakarta.activation-api\2.1.3\jakarta.activation-api-2.1.3.jar;C:\Users\nhoho\.m2\repository\net\minidev\json-smart\2.5.0\json-smart-2.5.0.jar;C:\Users\nhoho\.m2\repository\net\minidev\accessors-smart\2.5.0\accessors-smart-2.5.0.jar;C:\Users\nhoho\.m2\repository\org\ow2\asm\asm\9.3\asm-9.3.jar;C:\Users\nhoho\.m2\repository\org\assertj\assertj-core\3.25.3\assertj-core-3.25.3.jar;C:\Users\nhoho\.m2\repository\net\bytebuddy\byte-buddy\1.14.12\byte-buddy-1.14.12.jar;C:\Users\nhoho\.m2\repository\org\awaitility\awaitility\4.2.0\awaitility-4.2.0.jar;C:\Users\nhoho\.m2\repository\org\hamcrest\hamcrest\2.2\hamcrest-2.2.jar;C:\Users\nhoho\.m2\repository\org\junit\jupiter\junit-jupiter\5.10.2\junit-jupiter-5.10.2.jar;C:\Users\nhoho\.m2\repository\org\junit\jupiter\junit-jupiter-api\5.10.2\junit-jupiter-api-5.10.2.jar;C:\Users\nhoho\.m2\repository\org\opentest4j\opentest4j\1.3.0\opentest4j-1.3.0.jar;C:\Users\nhoho\.m2\repository\org\junit\platform\junit-platform-commons\1.10.2\junit-platform-commons-1.10.2.jar;C:\Users\nhoho\.m2\repository\org\apiguardian\apiguardian-api\1.1.2\apiguardian-api-1.1.2.jar;C:\Users\nhoho\.m2\repository\org\junit\jupiter\junit-jupiter-params\5.10.2\junit-jupiter-params-5.10.2.jar;C:\Users\nhoho\.m2\repository\org\junit\jupiter\junit-jupiter-engine\5.10.2\junit-jupiter-engine-5.10.2.jar;C:\Users\nhoho\.m2\repository\org\junit\platform\junit-platform-engine\1.10.2\junit-platform-engine-1.10.2.jar;C:\Users\nhoho\.m2\repository\org\mockito\mockito-core\5.11.0\mockito-core-5.11.0.jar;C:\Users\nhoho\.m2\repository\net\bytebuddy\byte-buddy-agent\1.14.12\byte-buddy-agent-1.14.12.jar;C:\Users\nhoho\.m2\repository\org\objenesis\objenesis\3.3\objenesis-3.3.jar;C:\Users\nhoho\.m2\repository\org\mockito\mockito-junit-jupiter\5.11.0\mockito-junit-jupiter-5.11.0.jar;C:\Users\nhoho\.m2\repository\org\skyscreamer\jsonassert\1.5.1\jsonassert-1.5.1.jar;C:\Users\nhoho\.m2\repository\com\vaadin\external\google\android-json\0.0.20131108.vaadin1\android-json-0.0.20131108.vaadin1.jar;C:\Users\nhoho\.m2\repository\org\springframework\spring-test\6.1.5\spring-test-6.1.5.jar;C:\Users\nhoho\.m2\repository\org\xmlunit\xmlunit-core\2.9.1\xmlunit-core-2.9.1.jar;C:\Users\nhoho\.m2\repository\org\springframework\cloud\spring-cloud-starter-sleuth\3.1.5\spring-cloud-starter-sleuth-3.1.5.jar;C:\Users\nhoho\.m2\repository\org\springframework\cloud\spring-cloud-starter\3.1.5\spring-cloud-starter-3.1.5.jar;C:\Users\nhoho\.m2\repository\org\springframework\cloud\spring-cloud-context\3.1.5\spring-cloud-context-3.1.5.jar;C:\Users\nhoho\.m2\repository\org\springframework\security\spring-security-crypto\6.3.0-M3\spring-security-crypto-6.3.0-M3.jar;C:\Users\nhoho\.m2\repository\org\springframework\cloud\spring-cloud-commons\3.1.5\spring-cloud-commons-3.1.5.jar;C:\Users\nhoho\.m2\repository\org\springframework\security\spring-security-rsa\1.0.11.RELEASE\spring-security-rsa-1.0.11.RELEASE.jar;C:\Users\nhoho\.m2\repository\org\bouncycastle\bcpkix-jdk15on\1.69\bcpkix-jdk15on-1.69.jar;C:\Users\nhoho\.m2\repository\org\bouncycastle\bcprov-jdk15on\1.69\bcprov-jdk15on-1.69.jar;C:\Users\nhoho\.m2\repository\org\bouncycastle\bcutil-jdk15on\1.69\bcutil-jdk15on-1.69.jar;C:\Users\nhoho\.m2\repository\org\springframework\boot\spring-boot-starter-aop\3.3.0-SNAPSHOT\spring-boot-starter-aop-3.3.0-SNAPSHOT.jar;C:\Users\nhoho\.m2\repository\org\aspectj\aspectjweaver\1.9.21\aspectjweaver-1.9.21.jar;C:\Users\nhoho\.m2\repository\org\springframework\cloud\spring-cloud-sleuth-autoconfigure\3.1.5\spring-cloud-sleuth-autoconfigure-3.1.5.jar;C:\Users\nhoho\.m2\repository\org\aspectj\aspectjrt\1.9.21\aspectjrt-1.9.21.jar;C:\Users\nhoho\.m2\repository\org\springframework\cloud\spring-cloud-sleuth-otel-autoconfigure\1.1.2\spring-cloud-sleuth-otel-autoconfigure-1.1.2.jar;C:\Users\nhoho\.m2\repository\org\springframework\cloud\spring-cloud-sleuth-instrumentation\3.1.5\spring-cloud-sleuth-instrumentation-3.1.5.jar;C:\Users\nhoho\.m2\repository\org\springframework\cloud\spring-cloud-sleuth-api\3.1.5\spring-cloud-sleuth-api-3.1.5.jar;C:\Users\nhoho\.m2\repository\org\springframework\cloud\spring-cloud-sleuth-otel\1.1.2\spring-cloud-sleuth-otel-1.1.2.jar;C:\Users\nhoho\.m2\repository\io\opentelemetry\opentelemetry-extension-aws\1.20.1\opentelemetry-extension-aws-1.20.1.jar;C:\Users\nhoho\.m2\repository\io\opentelemetry\instrumentation\opentelemetry-instrumentation-api-semconv\1.22.0-alpha\opentelemetry-instrumentation-api-semconv-1.22.0-alpha.jar;C:\Users\nhoho\.m2\repository\io\opentelemetry\opentelemetry-api\1.22.0\opentelemetry-api-1.22.0.jar;C:\Users\nhoho\.m2\repository\io\opentelemetry\opentelemetry-context\1.22.0\opentelemetry-context-1.22.0.jar;C:\Users\nhoho\.m2\repository\io\opentelemetry\opentelemetry-api-logs\1.22.0-alpha\opentelemetry-api-logs-1.22.0-alpha.jar;C:\Users\nhoho\.m2\repository\io\opentelemetry\opentelemetry-sdk-metrics\1.22.0\opentelemetry-sdk-metrics-1.22.0.jar;C:\Users\nhoho\.m2\repository\io\opentelemetry\opentelemetry-sdk-logs\1.36.0\opentelemetry-sdk-logs-1.36.0.jar;C:\Users\nhoho\.m2\repository\io\opentelemetry\opentelemetry-semconv\1.22.0-alpha\opentelemetry-semconv-1.22.0-alpha.jar;C:\Users\nhoho\.m2\repository\io\opentelemetry\opentelemetry-sdk-common\1.22.0\opentelemetry-sdk-common-1.22.0.jar;C:\Users\nhoho\.m2\repository\io\opentelemetry\opentelemetry-sdk-trace\1.22.0\opentelemetry-sdk-trace-1.22.0.jar;C:\Users\nhoho\.m2\repository\io\opentelemetry\opentelemetry-sdk\1.22.0\opentelemetry-sdk-1.22.0.jar;C:\Users\nhoho\.m2\repository\io\opentelemetry\opentelemetry-sdk-extension-autoconfigure-spi\1.22.0\opentelemetry-sdk-extension-autoconfigure-spi-1.22.0.jar;C:\Users\nhoho\.m2\repository\io\opentelemetry\instrumentation\opentelemetry-instrumentation-api\1.22.0\opentelemetry-instrumentation-api-1.22.0.jar;C:\Users\nhoho\.m2\repository\io\opentelemetry\opentelemetry-extension-trace-propagators\1.22.0\opentelemetry-extension-trace-propagators-1.22.0.jar;C:\Users\nhoho\.m2\repository\io\opentelemetry\opentelemetry-exporter-otlp\1.23.1\opentelemetry-exporter-otlp-1.23.1.jar;C:\Users\nhoho\.m2\repository\io\opentelemetry\opentelemetry-exporter-otlp-common\1.22.0\opentelemetry-exporter-otlp-common-1.22.0.jar;C:\Users\nhoho\.m2\repository\io\opentelemetry\opentelemetry-exporter-common\1.22.0\opentelemetry-exporter-common-1.22.0.jar;C:\Users\nhoho\.m2\repository\com\squareup\okhttp3\okhttp\4.12.0\okhttp-4.12.0.jar;C:\Users\nhoho\.m2\repository\com\squareup\okio\okio\3.6.0\okio-3.6.0.jar;C:\Users\nhoho\.m2\repository\com\squareup\okio\okio-jvm\3.6.0\okio-jvm-3.6.0.jar;C:\Users\nhoho\.m2\repository\org\jetbrains\kotlin\kotlin-stdlib-common\1.9.23\kotlin-stdlib-common-1.9.23.jar;C:\Users\nhoho\.m2\repository\org\jetbrains\kotlin\kotlin-stdlib-jdk8\1.9.23\kotlin-stdlib-jdk8-1.9.23.jar;C:\Users\nhoho\.m2\repository\org\jetbrains\kotlin\kotlin-stdlib\1.9.23\kotlin-stdlib-1.9.23.jar;C:\Users\nhoho\.m2\repository\org\jetbrains\annotations\13.0\annotations-13.0.jar;C:\Users\nhoho\.m2\repository\org\jetbrains\kotlin\kotlin-stdlib-jdk7\1.9.23\kotlin-stdlib-jdk7-1.9.23.jar;"/>
    <property name="sun.cpu.endian" value="little"/>
    <property name="user.home" value="C:\Users\nhoho"/>
    <property name="user.language" value="en"/>
    <property name="java.specification.vendor" value="Oracle Corporation"/>
    <property name="java.version.date" value="2023-01-17"/>
    <property name="java.home" value="C:\Program Files\Java\jdk-17"/>
    <property name="file.separator" value="\"/>
    <property name="basedir" value="D:\otel-microservices-demo\api-service"/>
    <property name="java.vm.compressedOopsMode" value="Zero based"/>
    <property name="line.separator" value="&#10;"/>
    <property name="java.vm.specification.vendor" value="Oracle Corporation"/>
    <property name="java.specification.name" value="Java Platform API Specification"/>
    <property name="FILE_LOG_CHARSET" value="windows-1252"/>
    <property name="java.awt.headless" value="true"/>
    <property name="surefire.real.class.path" value="C:\Users\nhoho\AppData\Local\Temp\surefire9539205769005794095\surefirebooter-20240402230508242_3.jar"/>
    <property name="LOG_LEVEL_PATTERN" value="%5p [product-service,%X{traceId:-},%X{spanId:-}]"/>
    <property name="user.script" value=""/>
    <property name="sun.management.compiler" value="HotSpot 64-Bit Tiered Compilers"/>
    <property name="java.runtime.version" value="17.0.6+9-LTS-190"/>
    <property name="user.name" value="nhoho"/>
    <property name="path.separator" value=";"/>
    <property name="os.version" value="10.0"/>
    <property name="java.runtime.name" value="Java(TM) SE Runtime Environment"/>
    <property name="file.encoding" value="Cp1252"/>
    <property name="java.vm.name" value="Java HotSpot(TM) 64-Bit Server VM"/>
    <property name="localRepository" value="C:\Users\nhoho\.m2\repository"/>
    <property name="java.vendor.url.bug" value="https://bugreport.java.com/bugreport/"/>
    <property name="java.io.tmpdir" value="C:\Users\nhoho\AppData\Local\Temp\"/>
    <property name="idea.version" value="2023.3.6"/>
    <property name="java.version" value="17.0.6"/>
    <property name="user.dir" value="D:\otel-microservices-demo\api-service"/>
    <property name="os.arch" value="amd64"/>
    <property name="java.vm.specification.name" value="Java Virtual Machine Specification"/>
    <property name="PID" value="19744"/>
    <property name="sun.os.patch.level" value=""/>
    <property name="CONSOLE_LOG_CHARSET" value="windows-1252"/>
    <property name="native.encoding" value="Cp1252"/>
    <property name="java.library.path" value="C:\Program Files\Java\jdk-17\bin;C:\windows\Sun\Java\bin;C:\windows\system32;C:\windows;C:\Program Files\Microsoft SDKs\Azure\CLI2\wbin;C:\Program Files\Common Files\Oracle\Java\javapath;C:\windows\system32;C:\windows;C:\windows\System32\Wbem;C:\windows\System32\WindowsPowerShell\v1.0\;C:\windows\System32\OpenSSH\;C:\Program Files (x86)\Airtame;C:\Program Files\Git\cmd;C:\Program Files (x86)\GitExtensions\;C:\Program Files\Java\jdk-11.0.15\bin;C:\Users\nhoho\Downloads\sonar-scanner-cli-4.6.2.2472-windows\sonar-scanner-4.6.2.2472-windows\bin;C:\Program Files\Amazon\AWSCLIV2\;D:\Maven\apache-maven-3.8.5-bin\apache-maven-3.8.5\bin;D:\Gradle\gradle-7.4.2-bin\gradle-7.4.2\bin;C:\Program Files (x86)\Yarn\bin\;C:\Program Files\Java\jdk-17\bin;C:\Users\nhoho\AppData\Roaming\nvm;C:\Program Files\nodejs;;C:\minikube;C:\Program Files\Java\jdk-11.0.15\bin;C:\Users\nhoho\AppData\Local\Programs\Microsoft VS Code\bin;C:\Users\nhoho\AppData\Local\Yarn\bin;C:\Users\nhoho\AppData\Local\Programs\Hyper\resources\bin;C:\Program Files\Java\jdk-17\bin;C:\Users\nhoho\AppData\Roaming\nvm;C:\Program Files\nodejs;C:\Users\nhoho\.azure-kubectl;C:\Users\nhoho\.azure-kubelogin;C:\Users\nhoho\Downloads\nho\kubeseal-0.26.0-windows-amd64;."/>
    <property name="java.vm.info" value="mixed mode, sharing"/>
    <property name="java.vendor" value="Oracle Corporation"/>
    <property name="java.vm.version" value="17.0.6+9-LTS-190"/>
    <property name="sun.io.unicode.encoding" value="UnicodeLittle"/>
    <property name="java.class.version" value="61.0"/>
    <property name="LOGGED_APPLICATION_NAME" value="[product-service] "/>
  </properties>
  <testcase name="contextLoads" classname="com.example.apiservice.ApiServiceApplicationTests" time="1.217">
    <system-out><![CDATA[23:05:10.302 [main] INFO org.springframework.test.context.support.AnnotationConfigContextLoaderUtils -- Could not detect default configuration classes for test class [com.example.apiservice.ApiServiceApplicationTests]: ApiServiceApplicationTests does not declare any static, non-private, non-final, nested classes annotated with @Configuration.
23:05:10.502 [main] INFO org.springframework.boot.test.context.SpringBootTestContextBootstrapper -- Found @SpringBootConfiguration com.example.apiservice.ApiServiceApplication for test class com.example.apiservice.ApiServiceApplicationTests
  .   ____          _            __ _ _
 /\\ / ___'_ __ _ _(_)_ __  __ _ \ \ \ \
( ( )\___ | '_ | '_| | '_ \/ _` | \ \ \ \
 \\/  ___)| |_)| | | | | || (_| |  ) ) ) )
  '  |____| .__|_| |_|_| |_\__, | / / / /
 =========|_|==============|___/=/_/_/_/

 :: Spring Boot ::       (v3.3.0-SNAPSHOT)

2024-04-02T23:05:11.215+07:00  INFO [product-service,,] 19744 --- [product-service] [           main] c.e.a.ApiServiceApplicationTests         : Starting ApiServiceApplicationTests using Java 17.0.6 with PID 19744 (started by nhoho in D:\otel-microservices-demo\api-service)
2024-04-02T23:05:11.217+07:00  INFO [product-service,,] 19744 --- [product-service] [           main] c.e.a.ApiServiceApplicationTests         : No active profile set, falling back to 1 default profile: "default"
2024-04-02T23:05:13.000+07:00  INFO [product-service,,] 19744 --- [product-service] [           main] c.e.a.ApiServiceApplicationTests         : Started ApiServiceApplicationTests in 2.375 seconds (process running for 4.346)
]]></system-out>
  </testcase>
</testsuite>